warning: output filename collision.
The lib target `circle_simulator` in package `circle-simulator v0.1.0 (/workspace/stylus-contracts/circle-simulator)` has the same output filename as the lib target `circle_simulator` in package `circle-simulator v0.1.0 (/workspace/stylus-contracts/circle-simulator)`.
Colliding filename is: /workspace/stylus-contracts/circle-simulator/target/release/deps/libcircle_simulator.rlib
The targets should have unique names.
Consider changing their names to be unique or compiling them separately.
This may become a hard error in the future; see <https://github.com/rust-lang/cargo/issues/6313>.
warning: output filename collision.
The lib target `circle_simulator` in package `circle-simulator v0.1.0 (/workspace/stylus-contracts/circle-simulator)` has the same output filename as the lib target `circle_simulator` in package `circle-simulator v0.1.0 (/workspace/stylus-contracts/circle-simulator)`.
Colliding filename is: /workspace/stylus-contracts/circle-simulator/target/release/deps/libcircle_simulator.so
The targets should have unique names.
Consider changing their names to be unique or compiling them separately.
This may become a hard error in the future; see <https://github.com/rust-lang/cargo/issues/6313>.
warning: output filename collision.
The lib target `circle_simulator` in package `circle-simulator v0.1.0 (/workspace/stylus-contracts/circle-simulator)` has the same output filename as the lib target `circle_simulator` in package `circle-simulator v0.1.0 (/workspace/stylus-contracts/circle-simulator)`.
Colliding filename is: /workspace/stylus-contracts/circle-simulator/target/release/deps/libcircle_simulator.so.dwp
The targets should have unique names.
Consider changing their names to be unique or compiling them separately.
This may become a hard error in the future; see <https://github.com/rust-lang/cargo/issues/6313>.
warning: use of deprecated function `stylus_sdk::msg::sender`: Use the .vm() method available on Stylus contracts instead to access host environment methods
   --> src/lib.rs:150:29
    |
150 |         self.owner.set(msg::sender());
    |                             ^^^^^^
    |
    = note: `#[warn(deprecated)]` on by default

warning: field `defaults_count` is never read
   --> src/lib.rs:263:5
    |
260 | struct SimulationOutcome {
    |        ----------------- field in this struct
...
263 |     defaults_count: u32,
    |     ^^^^^^^^^^^^^^
    |
    = note: `#[warn(dead_code)]` on by default

warning: `circle-simulator` (lib test) generated 2 warnings
   Compiling circle-simulator v0.1.0 (/workspace/stylus-contracts/circle-simulator)
warning: `circle-simulator` (lib) generated 2 warnings (2 duplicates)
error[E0277]: the trait bound `stylus_sdk::storage::StorageAddress: From<stylus_sdk::alloy_primitives::Address>` is not satisfied
  --> tests/monte_carlo_tests.rs:14:34
   |
14 |             owner: Address::ZERO.into(),
   |                                  ^^^^ the trait `From<stylus_sdk::alloy_primitives::Address>` is not implemented for `stylus_sdk::storage::StorageAddress`
   |
   = help: the trait `From<stylus_sdk::alloy_primitives::Address>` is not implemented for `stylus_sdk::storage::StorageAddress`
           but trait `From<&_>` is implemented for it
   = help: for that trait implementation, expected `&_`, found `stylus_sdk::alloy_primitives::Address`
   = note: required for `stylus_sdk::alloy_primitives::Address` to implement `Into<stylus_sdk::storage::StorageAddress>`

error[E0277]: the trait bound `stylus_sdk::storage::StorageUint<256, 4>: From<stylus_sdk::alloy_primitives::Uint<256, 4>>` is not satisfied
  --> tests/monte_carlo_tests.rs:15:42
   |
15 |             simulation_count: U256::ZERO.into(),
   |                                          ^^^^ the trait `From<stylus_sdk::alloy_primitives::Uint<256, 4>>` is not implemented for `stylus_sdk::storage::StorageUint<256, 4>`
   |
   = help: the trait `From<stylus_sdk::alloy_primitives::Uint<256, 4>>` is not implemented for `stylus_sdk::storage::StorageUint<256, 4>`
           but trait `From<&_>` is implemented for it
   = help: for that trait implementation, expected `&_`, found `stylus_sdk::alloy_primitives::Uint<256, 4>`
   = note: required for `stylus_sdk::alloy_primitives::Uint<256, 4>` to implement `Into<stylus_sdk::storage::StorageUint<256, 4>>`

error: cannot construct `circle_simulator::CircleSimulator` with struct literal syntax due to private fields
  --> tests/monte_carlo_tests.rs:13:9
   |
13 |         CircleSimulator {
   |         ^^^^^^^^^^^^^^^
   |
   = note: ...and other private field `__stylus_host` that was not provided

error[E0277]: the trait bound `stylus_sdk::storage::StorageUint<256, 4>: From<stylus_sdk::alloy_primitives::Uint<256, 4>>` is not satisfied
  --> tests/monte_carlo_tests.rs:16:45
   |
16 |             last_simulation_gas: U256::ZERO.into(),
   |                                             ^^^^ the trait `From<stylus_sdk::alloy_primitives::Uint<256, 4>>` is not implemented for `stylus_sdk::storage::StorageUint<256, 4>`
   |
   = help: the trait `From<stylus_sdk::alloy_primitives::Uint<256, 4>>` is not implemented for `stylus_sdk::storage::StorageUint<256, 4>`
           but trait `From<&_>` is implemented for it
   = help: for that trait implementation, expected `&_`, found `stylus_sdk::alloy_primitives::Uint<256, 4>`
   = note: required for `stylus_sdk::alloy_primitives::Uint<256, 4>` to implement `Into<stylus_sdk::storage::StorageUint<256, 4>>`

error[E0277]: can't compare `alloy_primitives::bits::address::Address` with `stylus_sdk::alloy_primitives::Address`
  --> tests/monte_carlo_tests.rs:23:9
   |
23 |         assert_eq!(sim.owner(), Address::ZERO);
   |         ^^^^^^^^^^^^^^^^^^^^^^^^^^^^^^^^^^^^^^ no implementation for `alloy_primitives::bits::address::Address == stylus_sdk::alloy_primitives::Address`
   |
   = help: the trait `PartialEq<stylus_sdk::alloy_primitives::Address>` is not implemented for `alloy_primitives::bits::address::Address`
   = note: this error originates in the macro `assert_eq` (in Nightly builds, run with -Z macro-backtrace for more info)

error[E0277]: can't compare `ruint::Uint<256, 4>` with `stylus_sdk::alloy_primitives::Uint<256, 4>`
  --> tests/monte_carlo_tests.rs:24:9
   |
24 |         assert_eq!(sim.simulation_count(), U256::ZERO);
   |         ^^^^^^^^^^^^^^^^^^^^^^^^^^^^^^^^^^^^^^^^^^^^^^ no implementation for `ruint::Uint<256, 4> == stylus_sdk::alloy_primitives::Uint<256, 4>`
   |
   = help: the trait `PartialEq<stylus_sdk::alloy_primitives::Uint<256, 4>>` is not implemented for `ruint::Uint<256, 4>`
   = help: the following other types implement trait `PartialEq<Rhs>`:
             `ruint::Uint<BITS, LIMBS>` implements `PartialEq<i128>`
             `ruint::Uint<BITS, LIMBS>` implements `PartialEq<i16>`
             `ruint::Uint<BITS, LIMBS>` implements `PartialEq<i32>`
             `ruint::Uint<BITS, LIMBS>` implements `PartialEq<i64>`
             `ruint::Uint<BITS, LIMBS>` implements `PartialEq<i8>`
             `ruint::Uint<BITS, LIMBS>` implements `PartialEq<isize>`
             `ruint::Uint<BITS, LIMBS>` implements `PartialEq<u128>`
             `ruint::Uint<BITS, LIMBS>` implements `PartialEq<u16>`
           and 5 others
   = note: this error originates in the macro `assert_eq` (in Nightly builds, run with -Z macro-backtrace for more info)

error[E0308]: mismatched types
   --> tests/monte_carlo_tests.rs:34:13
    |
32  |         let result = sim.simulate_circle(
    |                          --------------- arguments to this method are incorrect
33  |             10,              // 10 members
34  |             U256::from(100), // 100 wei cuota
    |             ^^^^^^^^^^^^^^^ expected `ruint::Uint<256, 4>`, found `Uint<256, 4>`
    |
note: two different versions of crate `ruint` are being used; two types coming from two different versions of the same crate are different types even if they look the same
   --> /usr/local/cargo/registry/src/index.crates.io-1949cf8c6b5b557f/ruint-1.16.0/src/lib.rs:173:1
    |
173 | pub struct Uint<const BITS: usize, const LIMBS: usize> {
    | ^^^^^^^^^^^^^^^^^^^^^^^^^^^^^^^^^^^^^^^^^^^^^^^^^^^^^^
    | |
    | this is the expected type `ruint::Uint`
    | this is the found type `stylus_sdk::alloy_primitives::Uint`
    |
   ::: tests/monte_carlo_tests.rs:8:9
    |
8   |     use circle_simulator::*;
    |         ---------------- one version of crate `ruint` used here, as a dependency of crate `alloy_primitives`
9   |     use stylus_sdk::alloy_primitives::{Address, U256};
    |         ---------- one version of crate `ruint` used here, as a dependency of crate `alloy_primitives`
    = help: you can use `cargo tree` to explore your dependency tree
note: method defined here
   --> /workspace/stylus-contracts/circle-simulator/src/lib.rs:158:12
    |
158 |     pub fn simulate_circle(
    |            ^^^^^^^^^^^^^^^

error[E0277]: can't compare `ruint::Uint<256, 4>` with `stylus_sdk::alloy_primitives::Uint<256, 4>`
  --> tests/monte_carlo_tests.rs:46:33
   |
46 |         assert!(expected_return > U256::ZERO, "Expected return should be positive");
   |                                 ^ no implementation for `ruint::Uint<256, 4> < stylus_sdk::alloy_primitives::Uint<256, 4>` and `ruint::Uint<256, 4> > stylus_sdk::alloy_primitives::Uint<256, 4>`
   |
   = help: the trait `PartialOrd<stylus_sdk::alloy_primitives::Uint<256, 4>>` is not implemented for `ruint::Uint<256, 4>`
   = help: the following other types implement trait `PartialOrd<Rhs>`:
             `ruint::Uint<BITS, LIMBS>` implements `PartialOrd<i128>`
             `ruint::Uint<BITS, LIMBS>` implements `PartialOrd<i16>`
             `ruint::Uint<BITS, LIMBS>` implements `PartialOrd<i32>`
             `ruint::Uint<BITS, LIMBS>` implements `PartialOrd<i64>`
             `ruint::Uint<BITS, LIMBS>` implements `PartialOrd<i8>`
             `ruint::Uint<BITS, LIMBS>` implements `PartialOrd<isize>`
             `ruint::Uint<BITS, LIMBS>` implements `PartialOrd<u128>`
             `ruint::Uint<BITS, LIMBS>` implements `PartialOrd<u16>`
           and 5 others

error[E0308]: mismatched types
   --> tests/monte_carlo_tests.rs:57:13
    |
55  |         let result = sim.simulate_circle(
    |                          --------------- arguments to this method are incorrect
56  |             0,
57  |             U256::from(100),
    |             ^^^^^^^^^^^^^^^ expected `ruint::Uint<256, 4>`, found `Uint<256, 4>`
    |
note: two different versions of crate `ruint` are being used; two types coming from two different versions of the same crate are different types even if they look the same
   --> /usr/local/cargo/registry/src/index.crates.io-1949cf8c6b5b557f/ruint-1.16.0/src/lib.rs:173:1
    |
173 | pub struct Uint<const BITS: usize, const LIMBS: usize> {
    | ^^^^^^^^^^^^^^^^^^^^^^^^^^^^^^^^^^^^^^^^^^^^^^^^^^^^^^
    | |
    | this is the expected type `ruint::Uint`
    | this is the found type `stylus_sdk::alloy_primitives::Uint`
    |
   ::: tests/monte_carlo_tests.rs:8:9
    |
8   |     use circle_simulator::*;
    |         ---------------- one version of crate `ruint` used here, as a dependency of crate `alloy_primitives`
9   |     use stylus_sdk::alloy_primitives::{Address, U256};
    |         ---------- one version of crate `ruint` used here, as a dependency of crate `alloy_primitives`
    = help: you can use `cargo tree` to explore your dependency tree
note: method defined here
   --> /workspace/stylus-contracts/circle-simulator/src/lib.rs:158:12
    |
158 |     pub fn simulate_circle(
    |            ^^^^^^^^^^^^^^^

error[E0308]: mismatched types
   --> tests/monte_carlo_tests.rs:67:13
    |
65  |         let result = sim.simulate_circle(
    |                          --------------- arguments to this method are incorrect
66  |             101,
67  |             U256::from(100),
    |             ^^^^^^^^^^^^^^^ expected `ruint::Uint<256, 4>`, found `Uint<256, 4>`
    |
note: two different versions of crate `ruint` are being used; two types coming from two different versions of the same crate are different types even if they look the same
   --> /usr/local/cargo/registry/src/index.crates.io-1949cf8c6b5b557f/ruint-1.16.0/src/lib.rs:173:1
    |
173 | pub struct Uint<const BITS: usize, const LIMBS: usize> {
    | ^^^^^^^^^^^^^^^^^^^^^^^^^^^^^^^^^^^^^^^^^^^^^^^^^^^^^^
    | |
    | this is the expected type `ruint::Uint`
    | this is the found type `stylus_sdk::alloy_primitives::Uint`
    |
   ::: tests/monte_carlo_tests.rs:8:9
    |
8   |     use circle_simulator::*;
    |         ---------------- one version of crate `ruint` used here, as a dependency of crate `alloy_primitives`
9   |     use stylus_sdk::alloy_primitives::{Address, U256};
    |         ---------- one version of crate `ruint` used here, as a dependency of crate `alloy_primitives`
    = help: you can use `cargo tree` to explore your dependency tree
note: method defined here
   --> /workspace/stylus-contracts/circle-simulator/src/lib.rs:158:12
    |
158 |     pub fn simulate_circle(
    |            ^^^^^^^^^^^^^^^

error[E0308]: mismatched types
   --> tests/monte_carlo_tests.rs:82:13
    |
80  |         let result = sim.simulate_circle(
    |                          --------------- arguments to this method are incorrect
81  |             10,
82  |             U256::from(100),
    |             ^^^^^^^^^^^^^^^ expected `ruint::Uint<256, 4>`, found `Uint<256, 4>`
    |
note: two different versions of crate `ruint` are being used; two types coming from two different versions of the same crate are different types even if they look the same
   --> /usr/local/cargo/registry/src/index.crates.io-1949cf8c6b5b557f/ruint-1.16.0/src/lib.rs:173:1
    |
173 | pub struct Uint<const BITS: usize, const LIMBS: usize> {
    | ^^^^^^^^^^^^^^^^^^^^^^^^^^^^^^^^^^^^^^^^^^^^^^^^^^^^^^
    | |
    | this is the expected type `ruint::Uint`
    | this is the found type `stylus_sdk::alloy_primitives::Uint`
    |
   ::: tests/monte_carlo_tests.rs:8:9
    |
8   |     use circle_simulator::*;
    |         ---------------- one version of crate `ruint` used here, as a dependency of crate `alloy_primitives`
9   |     use stylus_sdk::alloy_primitives::{Address, U256};
    |         ---------- one version of crate `ruint` used here, as a dependency of crate `alloy_primitives`
    = help: you can use `cargo tree` to explore your dependency tree
note: method defined here
   --> /workspace/stylus-contracts/circle-simulator/src/lib.rs:158:12
    |
158 |     pub fn simulate_circle(
    |            ^^^^^^^^^^^^^^^

error[E0308]: mismatched types
   --> tests/monte_carlo_tests.rs:92:13
    |
90  |         let result = sim.simulate_circle(
    |                          --------------- arguments to this method are incorrect
91  |             10,
92  |             U256::from(100),
    |             ^^^^^^^^^^^^^^^ expected `ruint::Uint<256, 4>`, found `Uint<256, 4>`
    |
note: two different versions of crate `ruint` are being used; two types coming from two different versions of the same crate are different types even if they look the same
   --> /usr/local/cargo/registry/src/index.crates.io-1949cf8c6b5b557f/ruint-1.16.0/src/lib.rs:173:1
    |
173 | pub struct Uint<const BITS: usize, const LIMBS: usize> {
    | ^^^^^^^^^^^^^^^^^^^^^^^^^^^^^^^^^^^^^^^^^^^^^^^^^^^^^^
    | |
    | this is the expected type `ruint::Uint`
    | this is the found type `stylus_sdk::alloy_primitives::Uint`
    |
   ::: tests/monte_carlo_tests.rs:8:9
    |
8   |     use circle_simulator::*;
    |         ---------------- one version of crate `ruint` used here, as a dependency of crate `alloy_primitives`
9   |     use stylus_sdk::alloy_primitives::{Address, U256};
    |         ---------- one version of crate `ruint` used here, as a dependency of crate `alloy_primitives`
    = help: you can use `cargo tree` to explore your dependency tree
note: method defined here
   --> /workspace/stylus-contracts/circle-simulator/src/lib.rs:158:12
    |
158 |     pub fn simulate_circle(
    |            ^^^^^^^^^^^^^^^

error[E0308]: mismatched types
   --> tests/monte_carlo_tests.rs:107:13
    |
105 |         let result = sim.simulate_circle(
    |                          --------------- arguments to this method are incorrect
106 |             10,
107 |             U256::from(100),
    |             ^^^^^^^^^^^^^^^ expected `ruint::Uint<256, 4>`, found `Uint<256, 4>`
    |
note: two different versions of crate `ruint` are being used; two types coming from two different versions of the same crate are different types even if they look the same
   --> /usr/local/cargo/registry/src/index.crates.io-1949cf8c6b5b557f/ruint-1.16.0/src/lib.rs:173:1
    |
173 | pub struct Uint<const BITS: usize, const LIMBS: usize> {
    | ^^^^^^^^^^^^^^^^^^^^^^^^^^^^^^^^^^^^^^^^^^^^^^^^^^^^^^
    | |
    | this is the expected type `ruint::Uint`
    | this is the found type `stylus_sdk::alloy_primitives::Uint`
    |
   ::: tests/monte_carlo_tests.rs:8:9
    |
8   |     use circle_simulator::*;
    |         ---------------- one version of crate `ruint` used here, as a dependency of crate `alloy_primitives`
9   |     use stylus_sdk::alloy_primitives::{Address, U256};
    |         ---------- one version of crate `ruint` used here, as a dependency of crate `alloy_primitives`
    = help: you can use `cargo tree` to explore your dependency tree
note: method defined here
   --> /workspace/stylus-contracts/circle-simulator/src/lib.rs:158:12
    |
158 |     pub fn simulate_circle(
    |            ^^^^^^^^^^^^^^^

error[E0277]: can't compare `ruint::Uint<256, 4>` with `stylus_sdk::alloy_primitives::Uint<256, 4>`
   --> tests/monte_carlo_tests.rs:120:33
    |
120 |         assert!(expected_return < U256::from(50), "Expected return should be minimal with high defaults");
    |                                 ^ no implementation for `ruint::Uint<256, 4> < stylus_sdk::alloy_primitives::Uint<256, 4>` and `ruint::Uint<256, 4> > stylus_sdk::alloy_primitives::Uint<256, 4>`
    |
    = help: the trait `PartialOrd<stylus_sdk::alloy_primitives::Uint<256, 4>>` is not implemented for `ruint::Uint<256, 4>`
    = help: the following other types implement trait `PartialOrd<Rhs>`:
              `ruint::Uint<BITS, LIMBS>` implements `PartialOrd<i128>`
              `ruint::Uint<BITS, LIMBS>` implements `PartialOrd<i16>`
              `ruint::Uint<BITS, LIMBS>` implements `PartialOrd<i32>`
              `ruint::Uint<BITS, LIMBS>` implements `PartialOrd<i64>`
              `ruint::Uint<BITS, LIMBS>` implements `PartialOrd<i8>`
              `ruint::Uint<BITS, LIMBS>` implements `PartialOrd<isize>`
              `ruint::Uint<BITS, LIMBS>` implements `PartialOrd<u128>`
              `ruint::Uint<BITS, LIMBS>` implements `PartialOrd<u16>`
            and 5 others

error[E0308]: mismatched types
   --> tests/monte_carlo_tests.rs:130:13
    |
128 |         let result = sim.simulate_circle(
    |                          --------------- arguments to this method are incorrect
129 |             5,               // 5 members
130 |             U256::from(100), // 100 wei cuota
    |             ^^^^^^^^^^^^^^^ expected `ruint::Uint<256, 4>`, found `Uint<256, 4>`
    |
note: two different versions of crate `ruint` are being used; two types coming from two different versions of the same crate are different types even if they look the same
   --> /usr/local/cargo/registry/src/index.crates.io-1949cf8c6b5b557f/ruint-1.16.0/src/lib.rs:173:1
    |
173 | pub struct Uint<const BITS: usize, const LIMBS: usize> {
    | ^^^^^^^^^^^^^^^^^^^^^^^^^^^^^^^^^^^^^^^^^^^^^^^^^^^^^^
    | |
    | this is the expected type `ruint::Uint`
    | this is the found type `stylus_sdk::alloy_primitives::Uint`
    |
   ::: tests/monte_carlo_tests.rs:8:9
    |
8   |     use circle_simulator::*;
    |         ---------------- one version of crate `ruint` used here, as a dependency of crate `alloy_primitives`
9   |     use stylus_sdk::alloy_primitives::{Address, U256};
    |         ---------- one version of crate `ruint` used here, as a dependency of crate `alloy_primitives`
    = help: you can use `cargo tree` to explore your dependency tree
note: method defined here
   --> /workspace/stylus-contracts/circle-simulator/src/lib.rs:158:12
    |
158 |     pub fn simulate_circle(
    |            ^^^^^^^^^^^^^^^

error[E0277]: can't compare `ruint::Uint<256, 4>` with `stylus_sdk::alloy_primitives::Uint<256, 4>`
   --> tests/monte_carlo_tests.rs:147:9
    |
147 |         assert_eq!(expected_return, expected_per_member, "Return should match contributions");
    |         ^^^^^^^^^^^^^^^^^^^^^^^^^^^^^^^^^^^^^^^^^^^^^^^^^^^^^^^^^^^^^^^^^^^^^^^^^^^^^^^^^^^^^ no implementation for `ruint::Uint<256, 4> == stylus_sdk::alloy_primitives::Uint<256, 4>`
    |
    = help: the trait `PartialEq<stylus_sdk::alloy_primitives::Uint<256, 4>>` is not implemented for `ruint::Uint<256, 4>`
    = help: the following other types implement trait `PartialEq<Rhs>`:
              `ruint::Uint<BITS, LIMBS>` implements `PartialEq<i128>`
              `ruint::Uint<BITS, LIMBS>` implements `PartialEq<i16>`
              `ruint::Uint<BITS, LIMBS>` implements `PartialEq<i32>`
              `ruint::Uint<BITS, LIMBS>` implements `PartialEq<i64>`
              `ruint::Uint<BITS, LIMBS>` implements `PartialEq<i8>`
              `ruint::Uint<BITS, LIMBS>` implements `PartialEq<isize>`
              `ruint::Uint<BITS, LIMBS>` implements `PartialEq<u128>`
              `ruint::Uint<BITS, LIMBS>` implements `PartialEq<u16>`
            and 5 others
    = note: this error originates in the macro `assert_eq` (in Nightly builds, run with -Z macro-backtrace for more info)

error[E0308]: mismatched types
   --> tests/monte_carlo_tests.rs:156:13
    |
154 |         let result = sim.simulate_circle(
    |                          --------------- arguments to this method are incorrect
155 |             10,
156 |             U256::from(100),
    |             ^^^^^^^^^^^^^^^ expected `ruint::Uint<256, 4>`, found `Uint<256, 4>`
    |
note: two different versions of crate `ruint` are being used; two types coming from two different versions of the same crate are different types even if they look the same
   --> /usr/local/cargo/registry/src/index.crates.io-1949cf8c6b5b557f/ruint-1.16.0/src/lib.rs:173:1
    |
173 | pub struct Uint<const BITS: usize, const LIMBS: usize> {
    | ^^^^^^^^^^^^^^^^^^^^^^^^^^^^^^^^^^^^^^^^^^^^^^^^^^^^^^
    | |
    | this is the expected type `ruint::Uint`
    | this is the found type `stylus_sdk::alloy_primitives::Uint`
    |
   ::: tests/monte_carlo_tests.rs:8:9
    |
8   |     use circle_simulator::*;
    |         ---------------- one version of crate `ruint` used here, as a dependency of crate `alloy_primitives`
9   |     use stylus_sdk::alloy_primitives::{Address, U256};
    |         ---------- one version of crate `ruint` used here, as a dependency of crate `alloy_primitives`
    = help: you can use `cargo tree` to explore your dependency tree
note: method defined here
   --> /workspace/stylus-contracts/circle-simulator/src/lib.rs:158:12
    |
158 |     pub fn simulate_circle(
    |            ^^^^^^^^^^^^^^^

error[E0308]: mismatched types
   --> tests/monte_carlo_tests.rs:175:13
    |
173 |         let result = sim.quick_simulate(
    |                          -------------- arguments to this method are incorrect
174 |             8,               // 8 members
175 |             U256::from(50),  // 50 wei cuota
    |             ^^^^^^^^^^^^^^ expected `ruint::Uint<256, 4>`, found `Uint<256, 4>`
    |
note: two different versions of crate `ruint` are being used; two types coming from two different versions of the same crate are different types even if they look the same
   --> /usr/local/cargo/registry/src/index.crates.io-1949cf8c6b5b557f/ruint-1.16.0/src/lib.rs:173:1
    |
173 | pub struct Uint<const BITS: usize, const LIMBS: usize> {
    | ^^^^^^^^^^^^^^^^^^^^^^^^^^^^^^^^^^^^^^^^^^^^^^^^^^^^^^
    | |
    | this is the expected type `ruint::Uint`
    | this is the found type `stylus_sdk::alloy_primitives::Uint`
    |
   ::: tests/monte_carlo_tests.rs:8:9
    |
8   |     use circle_simulator::*;
    |         ---------------- one version of crate `ruint` used here, as a dependency of crate `alloy_primitives`
9   |     use stylus_sdk::alloy_primitives::{Address, U256};
    |         ---------- one version of crate `ruint` used here, as a dependency of crate `alloy_primitives`
    = help: you can use `cargo tree` to explore your dependency tree
note: method defined here
   --> /workspace/stylus-contracts/circle-simulator/src/lib.rs:226:12
    |
226 |     pub fn quick_simulate(
    |            ^^^^^^^^^^^^^^

error[E0277]: can't compare `ruint::Uint<256, 4>` with `stylus_sdk::alloy_primitives::Uint<256, 4>`
   --> tests/monte_carlo_tests.rs:185:33
    |
185 |         assert!(expected_return >= U256::ZERO, "Expected return should be non-negative");
    |                                 ^^ no implementation for `ruint::Uint<256, 4> < stylus_sdk::alloy_primitives::Uint<256, 4>` and `ruint::Uint<256, 4> > stylus_sdk::alloy_primitives::Uint<256, 4>`
    |
    = help: the trait `PartialOrd<stylus_sdk::alloy_primitives::Uint<256, 4>>` is not implemented for `ruint::Uint<256, 4>`
    = help: the following other types implement trait `PartialOrd<Rhs>`:
              `ruint::Uint<BITS, LIMBS>` implements `PartialOrd<i128>`
              `ruint::Uint<BITS, LIMBS>` implements `PartialOrd<i16>`
              `ruint::Uint<BITS, LIMBS>` implements `PartialOrd<i32>`
              `ruint::Uint<BITS, LIMBS>` implements `PartialOrd<i64>`
              `ruint::Uint<BITS, LIMBS>` implements `PartialOrd<i8>`
              `ruint::Uint<BITS, LIMBS>` implements `PartialOrd<isize>`
              `ruint::Uint<BITS, LIMBS>` implements `PartialOrd<u128>`
              `ruint::Uint<BITS, LIMBS>` implements `PartialOrd<u16>`
            and 5 others

error[E0308]: mismatched types
   --> tests/monte_carlo_tests.rs:195:41
    |
195 |         let _ = sim.simulate_circle(10, U256::from(100), 12, 1000, 100);
    |                     ---------------     ^^^^^^^^^^^^^^^ expected `ruint::Uint<256, 4>`, found `Uint<256, 4>`
    |                     |
    |                     arguments to this method are incorrect
    |
note: two different versions of crate `ruint` are being used; two types coming from two different versions of the same crate are different types even if they look the same
   --> /usr/local/cargo/registry/src/index.crates.io-1949cf8c6b5b557f/ruint-1.16.0/src/lib.rs:173:1
    |
173 | pub struct Uint<const BITS: usize, const LIMBS: usize> {
    | ^^^^^^^^^^^^^^^^^^^^^^^^^^^^^^^^^^^^^^^^^^^^^^^^^^^^^^
    | |
    | this is the expected type `ruint::Uint`
    | this is the found type `stylus_sdk::alloy_primitives::Uint`
    |
   ::: tests/monte_carlo_tests.rs:8:9
    |
8   |     use circle_simulator::*;
    |         ---------------- one version of crate `ruint` used here, as a dependency of crate `alloy_primitives`
9   |     use stylus_sdk::alloy_primitives::{Address, U256};
    |         ---------- one version of crate `ruint` used here, as a dependency of crate `alloy_primitives`
    = help: you can use `cargo tree` to explore your dependency tree
note: method defined here
   --> /workspace/stylus-contracts/circle-simulator/src/lib.rs:158:12
    |
158 |     pub fn simulate_circle(
    |            ^^^^^^^^^^^^^^^

error[E0277]: cannot add `stylus_sdk::alloy_primitives::Uint<256, 4>` to `ruint::Uint<256, 4>`
   --> tests/monte_carlo_tests.rs:199:47
    |
199 |         assert_eq!(after_count, initial_count + U256::from(1),
    |                                               ^ no implementation for `ruint::Uint<256, 4> + stylus_sdk::alloy_primitives::Uint<256, 4>`
    |
    = help: the trait `Add<stylus_sdk::alloy_primitives::Uint<256, 4>>` is not implemented for `ruint::Uint<256, 4>`
    = help: the following other types implement trait `Add<Rhs>`:
              `&ruint::Uint<BITS, LIMBS>` implements `Add<ruint::Uint<BITS, LIMBS>>`
              `&ruint::Uint<BITS, LIMBS>` implements `Add`
              `ruint::Uint<BITS, LIMBS>` implements `Add<&ruint::Uint<BITS, LIMBS>>`
              `ruint::Uint<BITS, LIMBS>` implements `Add`

error[E0308]: mismatched types
   --> tests/monte_carlo_tests.rs:211:17
    |
209 |             let result = sim.simulate_circle(
    |                              --------------- arguments to this method are incorrect
210 |                 num_members,
211 |                 U256::from(100),
    |                 ^^^^^^^^^^^^^^^ expected `ruint::Uint<256, 4>`, found `Uint<256, 4>`
    |
note: two different versions of crate `ruint` are being used; two types coming from two different versions of the same crate are different types even if they look the same
   --> /usr/local/cargo/registry/src/index.crates.io-1949cf8c6b5b557f/ruint-1.16.0/src/lib.rs:173:1
    |
173 | pub struct Uint<const BITS: usize, const LIMBS: usize> {
    | ^^^^^^^^^^^^^^^^^^^^^^^^^^^^^^^^^^^^^^^^^^^^^^^^^^^^^^
    | |
    | this is the expected type `ruint::Uint`
    | this is the found type `stylus_sdk::alloy_primitives::Uint`
    |
   ::: tests/monte_carlo_tests.rs:8:9
    |
8   |     use circle_simulator::*;
    |         ---------------- one version of crate `ruint` used here, as a dependency of crate `alloy_primitives`
9   |     use stylus_sdk::alloy_primitives::{Address, U256};
    |         ---------- one version of crate `ruint` used here, as a dependency of crate `alloy_primitives`
    = help: you can use `cargo tree` to explore your dependency tree
note: method defined here
   --> /workspace/stylus-contracts/circle-simulator/src/lib.rs:158:12
    |
158 |     pub fn simulate_circle(
    |            ^^^^^^^^^^^^^^^

error[E0308]: mismatched types
   --> tests/monte_carlo_tests.rs:239:13
    |
237 |         let result = sim.simulate_circle(
    |                          --------------- arguments to this method are incorrect
238 |             num_members,
239 |             cuota,
    |             ^^^^^ expected `ruint::Uint<256, 4>`, found `Uint<256, 4>`
    |
note: two different versions of crate `ruint` are being used; two types coming from two different versions of the same crate are different types even if they look the same
   --> /usr/local/cargo/registry/src/index.crates.io-1949cf8c6b5b557f/ruint-1.16.0/src/lib.rs:173:1
    |
173 | pub struct Uint<const BITS: usize, const LIMBS: usize> {
    | ^^^^^^^^^^^^^^^^^^^^^^^^^^^^^^^^^^^^^^^^^^^^^^^^^^^^^^
    | |
    | this is the expected type `ruint::Uint`
    | this is the found type `stylus_sdk::alloy_primitives::Uint`
    |
   ::: tests/monte_carlo_tests.rs:8:9
    |
8   |     use circle_simulator::*;
    |         ---------------- one version of crate `ruint` used here, as a dependency of crate `alloy_primitives`
9   |     use stylus_sdk::alloy_primitives::{Address, U256};
    |         ---------- one version of crate `ruint` used here, as a dependency of crate `alloy_primitives`
    = help: you can use `cargo tree` to explore your dependency tree
note: method defined here
   --> /workspace/stylus-contracts/circle-simulator/src/lib.rs:158:12
    |
158 |     pub fn simulate_circle(
    |            ^^^^^^^^^^^^^^^

error[E0277]: can't compare `ruint::Uint<256, 4>` with `stylus_sdk::alloy_primitives::Uint<256, 4>`
   --> tests/monte_carlo_tests.rs:249:33
    |
249 |         assert!(expected_return <= max_return,
    |                                 ^^ no implementation for `ruint::Uint<256, 4> < stylus_sdk::alloy_primitives::Uint<256, 4>` and `ruint::Uint<256, 4> > stylus_sdk::alloy_primitives::Uint<256, 4>`
    |
    = help: the trait `PartialOrd<stylus_sdk::alloy_primitives::Uint<256, 4>>` is not implemented for `ruint::Uint<256, 4>`
    = help: the following other types implement trait `PartialOrd<Rhs>`:
              `ruint::Uint<BITS, LIMBS>` implements `PartialOrd<i128>`
              `ruint::Uint<BITS, LIMBS>` implements `PartialOrd<i16>`
              `ruint::Uint<BITS, LIMBS>` implements `PartialOrd<i32>`
              `ruint::Uint<BITS, LIMBS>` implements `PartialOrd<i64>`
              `ruint::Uint<BITS, LIMBS>` implements `PartialOrd<i8>`
              `ruint::Uint<BITS, LIMBS>` implements `PartialOrd<isize>`
              `ruint::Uint<BITS, LIMBS>` implements `PartialOrd<u128>`
              `ruint::Uint<BITS, LIMBS>` implements `PartialOrd<u16>`
            and 5 others

error[E0277]: can't compare `ruint::Uint<256, 4>` with `stylus_sdk::alloy_primitives::Uint<256, 4>`
   --> tests/monte_carlo_tests.rs:253:33
    |
253 |         assert!(expected_return > max_return * U256::from(80) / U256::from(100),
    |                                 ^ no implementation for `ruint::Uint<256, 4> < stylus_sdk::alloy_primitives::Uint<256, 4>` and `ruint::Uint<256, 4> > stylus_sdk::alloy_primitives::Uint<256, 4>`
    |
    = help: the trait `PartialOrd<stylus_sdk::alloy_primitives::Uint<256, 4>>` is not implemented for `ruint::Uint<256, 4>`
    = help: the following other types implement trait `PartialOrd<Rhs>`:
              `ruint::Uint<BITS, LIMBS>` implements `PartialOrd<i128>`
              `ruint::Uint<BITS, LIMBS>` implements `PartialOrd<i16>`
              `ruint::Uint<BITS, LIMBS>` implements `PartialOrd<i32>`
              `ruint::Uint<BITS, LIMBS>` implements `PartialOrd<i64>`
              `ruint::Uint<BITS, LIMBS>` implements `PartialOrd<i8>`
              `ruint::Uint<BITS, LIMBS>` implements `PartialOrd<isize>`
              `ruint::Uint<BITS, LIMBS>` implements `PartialOrd<u128>`
              `ruint::Uint<BITS, LIMBS>` implements `PartialOrd<u16>`
            and 5 others

error[E0308]: mismatched types
   --> tests/monte_carlo_tests.rs:264:13
    |
262 |         let result = sim.simulate_circle(
    |                          --------------- arguments to this method are incorrect
263 |             10,
264 |             U256::from(100),
    |             ^^^^^^^^^^^^^^^ expected `ruint::Uint<256, 4>`, found `Uint<256, 4>`
    |
note: two different versions of crate `ruint` are being used; two types coming from two different versions of the same crate are different types even if they look the same
   --> /usr/local/cargo/registry/src/index.crates.io-1949cf8c6b5b557f/ruint-1.16.0/src/lib.rs:173:1
    |
173 | pub struct Uint<const BITS: usize, const LIMBS: usize> {
    | ^^^^^^^^^^^^^^^^^^^^^^^^^^^^^^^^^^^^^^^^^^^^^^^^^^^^^^
    | |
    | this is the expected type `ruint::Uint`
    | this is the found type `stylus_sdk::alloy_primitives::Uint`
    |
   ::: tests/monte_carlo_tests.rs:8:9
    |
8   |     use circle_simulator::*;
    |         ---------------- one version of crate `ruint` used here, as a dependency of crate `alloy_primitives`
9   |     use stylus_sdk::alloy_primitives::{Address, U256};
    |         ---------- one version of crate `ruint` used here, as a dependency of crate `alloy_primitives`
    = help: you can use `cargo tree` to explore your dependency tree
note: method defined here
   --> /workspace/stylus-contracts/circle-simulator/src/lib.rs:158:12
    |
158 |     pub fn simulate_circle(
    |            ^^^^^^^^^^^^^^^

error[E0277]: can't compare `ruint::Uint<256, 4>` with `stylus_sdk::alloy_primitives::Uint<256, 4>`
   --> tests/monte_carlo_tests.rs:277:9
    |
277 |         assert_eq!(worst_case, U256::ZERO, "Worst case should be total loss");
    |         ^^^^^^^^^^^^^^^^^^^^^^^^^^^^^^^^^^^^^^^^^^^^^^^^^^^^^^^^^^^^^^^^^^^^^ no implementation for `ruint::Uint<256, 4> == stylus_sdk::alloy_primitives::Uint<256, 4>`
    |
    = help: the trait `PartialEq<stylus_sdk::alloy_primitives::Uint<256, 4>>` is not implemented for `ruint::Uint<256, 4>`
    = help: the following other types implement trait `PartialEq<Rhs>`:
              `ruint::Uint<BITS, LIMBS>` implements `PartialEq<i128>`
              `ruint::Uint<BITS, LIMBS>` implements `PartialEq<i16>`
              `ruint::Uint<BITS, LIMBS>` implements `PartialEq<i32>`
              `ruint::Uint<BITS, LIMBS>` implements `PartialEq<i64>`
              `ruint::Uint<BITS, LIMBS>` implements `PartialEq<i8>`
              `ruint::Uint<BITS, LIMBS>` implements `PartialEq<isize>`
              `ruint::Uint<BITS, LIMBS>` implements `PartialEq<u128>`
              `ruint::Uint<BITS, LIMBS>` implements `PartialEq<u16>`
            and 5 others
    = note: this error originates in the macro `assert_eq` (in Nightly builds, run with -Z macro-backtrace for more info)

error[E0308]: mismatched types
   --> tests/monte_carlo_tests.rs:286:48
    |
286 |         let result1 = sim1.simulate_circle(10, U256::from(100), 12, 1500, 50);
    |                            ---------------     ^^^^^^^^^^^^^^^ expected `ruint::Uint<256, 4>`, found `Uint<256, 4>`
    |                            |
    |                            arguments to this method are incorrect
    |
note: two different versions of crate `ruint` are being used; two types coming from two different versions of the same crate are different types even if they look the same
   --> /usr/local/cargo/registry/src/index.crates.io-1949cf8c6b5b557f/ruint-1.16.0/src/lib.rs:173:1
    |
173 | pub struct Uint<const BITS: usize, const LIMBS: usize> {
    | ^^^^^^^^^^^^^^^^^^^^^^^^^^^^^^^^^^^^^^^^^^^^^^^^^^^^^^
    | |
    | this is the expected type `ruint::Uint`
    | this is the found type `stylus_sdk::alloy_primitives::Uint`
    |
   ::: tests/monte_carlo_tests.rs:8:9
    |
8   |     use circle_simulator::*;
    |         ---------------- one version of crate `ruint` used here, as a dependency of crate `alloy_primitives`
9   |     use stylus_sdk::alloy_primitives::{Address, U256};
    |         ---------- one version of crate `ruint` used here, as a dependency of crate `alloy_primitives`
    = help: you can use `cargo tree` to explore your dependency tree
note: method defined here
   --> /workspace/stylus-contracts/circle-simulator/src/lib.rs:158:12
    |
158 |     pub fn simulate_circle(
    |            ^^^^^^^^^^^^^^^

error[E0308]: mismatched types
   --> tests/monte_carlo_tests.rs:287:48
    |
287 |         let result2 = sim2.simulate_circle(10, U256::from(100), 12, 1500, 50);
    |                            ---------------     ^^^^^^^^^^^^^^^ expected `ruint::Uint<256, 4>`, found `Uint<256, 4>`
    |                            |
    |                            arguments to this method are incorrect
    |
note: two different versions of crate `ruint` are being used; two types coming from two different versions of the same crate are different types even if they look the same
   --> /usr/local/cargo/registry/src/index.crates.io-1949cf8c6b5b557f/ruint-1.16.0/src/lib.rs:173:1
    |
173 | pub struct Uint<const BITS: usize, const LIMBS: usize> {
    | ^^^^^^^^^^^^^^^^^^^^^^^^^^^^^^^^^^^^^^^^^^^^^^^^^^^^^^
    | |
    | this is the expected type `ruint::Uint`
    | this is the found type `stylus_sdk::alloy_primitives::Uint`
    |
   ::: tests/monte_carlo_tests.rs:8:9
    |
8   |     use circle_simulator::*;
    |         ---------------- one version of crate `ruint` used here, as a dependency of crate `alloy_primitives`
9   |     use stylus_sdk::alloy_primitives::{Address, U256};
    |         ---------- one version of crate `ruint` used here, as a dependency of crate `alloy_primitives`
    = help: you can use `cargo tree` to explore your dependency tree
note: method defined here
   --> /workspace/stylus-contracts/circle-simulator/src/lib.rs:158:12
    |
158 |     pub fn simulate_circle(
    |            ^^^^^^^^^^^^^^^

error[E0308]: mismatched types
   --> tests/monte_carlo_tests.rs:304:55
    |
304 |         let result_6_rounds = sim.simulate_circle(10, U256::from(100), 6, 2000, 100);
    |                                   ---------------     ^^^^^^^^^^^^^^^ expected `ruint::Uint<256, 4>`, found `Uint<256, 4>`
    |                                   |
    |                                   arguments to this method are incorrect
    |
note: two different versions of crate `ruint` are being used; two types coming from two different versions of the same crate are different types even if they look the same
   --> /usr/local/cargo/registry/src/index.crates.io-1949cf8c6b5b557f/ruint-1.16.0/src/lib.rs:173:1
    |
173 | pub struct Uint<const BITS: usize, const LIMBS: usize> {
    | ^^^^^^^^^^^^^^^^^^^^^^^^^^^^^^^^^^^^^^^^^^^^^^^^^^^^^^
    | |
    | this is the expected type `ruint::Uint`
    | this is the found type `stylus_sdk::alloy_primitives::Uint`
    |
   ::: tests/monte_carlo_tests.rs:8:9
    |
8   |     use circle_simulator::*;
    |         ---------------- one version of crate `ruint` used here, as a dependency of crate `alloy_primitives`
9   |     use stylus_sdk::alloy_primitives::{Address, U256};
    |         ---------- one version of crate `ruint` used here, as a dependency of crate `alloy_primitives`
    = help: you can use `cargo tree` to explore your dependency tree
note: method defined here
   --> /workspace/stylus-contracts/circle-simulator/src/lib.rs:158:12
    |
158 |     pub fn simulate_circle(
    |            ^^^^^^^^^^^^^^^

error[E0308]: mismatched types
   --> tests/monte_carlo_tests.rs:305:56
    |
305 |         let result_24_rounds = sim.simulate_circle(10, U256::from(100), 24, 2000, 100);
    |                                    ---------------     ^^^^^^^^^^^^^^^ expected `ruint::Uint<256, 4>`, found `Uint<256, 4>`
    |                                    |
    |                                    arguments to this method are incorrect
    |
note: two different versions of crate `ruint` are being used; two types coming from two different versions of the same crate are different types even if they look the same
   --> /usr/local/cargo/registry/src/index.crates.io-1949cf8c6b5b557f/ruint-1.16.0/src/lib.rs:173:1
    |
173 | pub struct Uint<const BITS: usize, const LIMBS: usize> {
    | ^^^^^^^^^^^^^^^^^^^^^^^^^^^^^^^^^^^^^^^^^^^^^^^^^^^^^^
    | |
    | this is the expected type `ruint::Uint`
    | this is the found type `stylus_sdk::alloy_primitives::Uint`
    |
   ::: tests/monte_carlo_tests.rs:8:9
    |
8   |     use circle_simulator::*;
    |         ---------------- one version of crate `ruint` used here, as a dependency of crate `alloy_primitives`
9   |     use stylus_sdk::alloy_primitives::{Address, U256};
    |         ---------- one version of crate `ruint` used here, as a dependency of crate `alloy_primitives`
    = help: you can use `cargo tree` to explore your dependency tree
note: method defined here
   --> /workspace/stylus-contracts/circle-simulator/src/lib.rs:158:12
    |
158 |     pub fn simulate_circle(
    |            ^^^^^^^^^^^^^^^

Some errors have detailed explanations: E0277, E0308.
For more information about an error, try `rustc --explain E0277`.
error: could not compile `circle-simulator` (test "monte_carlo_tests") due to 31 previous errors
warning: build failed, waiting for other jobs to finish...
error: linking with `cc` failed: exit status: 1
  |
  = note:  "cc" "-m64" "/tmp/rustcjmNwoj/symbols.o" "<1 object files omitted>" "-Wl,--as-needed" "-Wl,-Bstatic" "<sysroot>/lib/rustlib/x86_64-unknown-linux-gnu/lib/{libcompiler_builtins-*}.rlib" "-Wl,-Bdynamic" "-lgcc_s" "-lutil" "-lrt" "-lpthread" "-lm" "-ldl" "-lc" "-Wl,--eh-frame-hdr" "-Wl,-z,noexecstack" "-L" "<sysroot>/lib/rustlib/x86_64-unknown-linux-gnu/lib" "-o" "/workspace/stylus-contracts/circle-simulator/target/release/deps/circle_simulator-d5f3960e9799d341" "-Wl,--gc-sections" "-pie" "-Wl,-z,relro,-z,now" "-Wl,--strip-all" "-nodefaultlibs"
  = note: some arguments are omitted. use `--verbose` to show all linker arguments
  = note: /usr/bin/ld: /lib/x86_64-linux-gnu/Scrt1.o: in function `_start':
          (.text+0x1b): undefined reference to `main'
          cc: error: linker command failed with exit code 1 (use -v to see invocation)
          
  = note: some `extern` functions couldn't be found; some native libraries may need to be installed or have their path specified
  = note: use the `-l` flag to specify native libraries to link
  = note: use the `cargo:rustc-link-lib` directive to specify the native libraries to link with Cargo (see https://doc.rust-lang.org/cargo/reference/build-scripts.html#rustc-link-lib)

error: could not compile `circle-simulator` (bin "circle-simulator" test) due to 1 previous error
error: linking with `cc` failed: exit status: 1
  |
  = note:  "cc" "-m64" "/tmp/rustcnAdlq7/symbols.o" "<1 object files omitted>" "-Wl,--as-needed" "-Wl,-Bstatic" "<sysroot>/lib/rustlib/x86_64-unknown-linux-gnu/lib/{libcompiler_builtins-*}.rlib" "-Wl,-Bdynamic" "-lgcc_s" "-lutil" "-lrt" "-lpthread" "-lm" "-ldl" "-lc" "-Wl,--eh-frame-hdr" "-Wl,-z,noexecstack" "-L" "<sysroot>/lib/rustlib/x86_64-unknown-linux-gnu/lib" "-o" "/workspace/stylus-contracts/circle-simulator/target/release/deps/circle_simulator-c9f9d1fe11446756" "-Wl,--gc-sections" "-pie" "-Wl,-z,relro,-z,now" "-Wl,--strip-all" "-nodefaultlibs"
  = note: some arguments are omitted. use `--verbose` to show all linker arguments
  = note: /usr/bin/ld: /lib/x86_64-linux-gnu/Scrt1.o: in function `_start':
          (.text+0x1b): undefined reference to `main'
          cc: error: linker command failed with exit code 1 (use -v to see invocation)
          
  = note: some `extern` functions couldn't be found; some native libraries may need to be installed or have their path specified
  = note: use the `-l` flag to specify native libraries to link
  = note: use the `cargo:rustc-link-lib` directive to specify the native libraries to link with Cargo (see https://doc.rust-lang.org/cargo/reference/build-scripts.html#rustc-link-lib)

error: could not compile `circle-simulator` (bin "circle-simulator") due to 1 previous error
